# JRE version: Java(TM) SE Runtime Environment (15.0.2+7) (build 15.0.2+7-27)
# Java VM: Java HotSpot(TM) 64-Bit Server VM (15.0.2+7-27, mixed mode, sharing, tiered, compressed oops, g1 gc, windows-amd64)
GC Precious Log:
 CPUs: 16 total, 16 available
 Memory: 16252M
 Large Page Support: Disabled
 NUMA Support: Disabled
 Compressed Oops: Enabled (Zero based)
 Heap Region Size: 2M
 Heap Min Capacity: 8M
 Heap Initial Capacity: 254M
 Heap Max Capacity: 4064M
 Pre-touch: Disabled
 Parallel Workers: 13
 Concurrent Workers: 3
 Concurrent Refinement Workers: 13
 Periodic GC: Disabled
Heap:
 garbage-first heap   total 868352K, used 481280K [0x0000000702000000, 0x0000000800000000)
  region size 2048K, 74 young (151552K), 11 survivors (22528K)
 Metaspace       used 26293K, capacity 26546K, committed 26624K, reserved 1073152K
  class space    used 3212K, capacity 3310K, committed 3328K, reserved 1048576K
GC Heap History (20 events):
Event: 1.648 GC heap before
{Heap before GC invocations=4 (full 0):
 garbage-first heap   total 260096K, used 108071K [0x0000000702000000, 0x0000000800000000)
  region size 2048K, 30 young (61440K), 2 survivors (4096K)
 Metaspace       used 18898K, capacity 19088K, committed 19328K, reserved 1067008K
  class space    used 2058K, capacity 2157K, committed 2176K, reserved 1048576K
}
Event: 1.659 GC heap after
{Heap after GC invocations=5 (full 0):
 garbage-first heap   total 260096K, used 68873K [0x0000000702000000, 0x0000000800000000)
  region size 2048K, 4 young (8192K), 4 survivors (8192K)
 Metaspace       used 18898K, capacity 19088K, committed 19328K, reserved 1067008K
  class space    used 2058K, capacity 2157K, committed 2176K, reserved 1048576K
}
Event: 1.825 GC heap before
{Heap before GC invocations=5 (full 0):
 garbage-first heap   total 260096K, used 150793K [0x0000000702000000, 0x0000000800000000)
  region size 2048K, 44 young (90112K), 4 survivors (8192K)
 Metaspace       used 18900K, capacity 19088K, committed 19328K, reserved 1067008K
  class space    used 2058K, capacity 2157K, committed 2176K, reserved 1048576K
}
Event: 1.845 GC heap after
{Heap after GC invocations=6 (full 0):
 garbage-first heap   total 356352K, used 97131K [0x0000000702000000, 0x0000000800000000)
  region size 2048K, 6 young (12288K), 6 survivors (12288K)
 Metaspace       used 18900K, capacity 19088K, committed 19328K, reserved 1067008K
  class space    used 2058K, capacity 2157K, committed 2176K, reserved 1048576K
}
Event: 2.146 GC heap before
{Heap before GC invocations=6 (full 0):
 garbage-first heap   total 356352K, used 215915K [0x0000000702000000, 0x0000000800000000)
  region size 2048K, 64 young (131072K), 6 survivors (12288K)
 Metaspace       used 18905K, capacity 19088K, committed 19328K, reserved 1067008K
  class space    used 2058K, capacity 2157K, committed 2176K, reserved 1048576K
}
Event: 2.168 GC heap after
{Heap after GC invocations=7 (full 0):
 garbage-first heap   total 356352K, used 136170K [0x0000000702000000, 0x0000000800000000)
  region size 2048K, 8 young (16384K), 8 survivors (16384K)
 Metaspace       used 18905K, capacity 19088K, committed 19328K, reserved 1067008K
  class space    used 2058K, capacity 2157K, committed 2176K, reserved 1048576K
}
Event: 2.531 GC heap before
{Heap before GC invocations=7 (full 0):
 garbage-first heap   total 356352K, used 238570K [0x0000000702000000, 0x0000000800000000)
  region size 2048K, 58 young (118784K), 8 survivors (16384K)
 Metaspace       used 19089K, capacity 19312K, committed 19456K, reserved 1067008K
  class space    used 2078K, capacity 2189K, committed 2304K, reserved 1048576K
}
Event: 2.552 GC heap after
{Heap after GC invocations=8 (full 0):
 garbage-first heap   total 356352K, used 169984K [0x0000000702000000, 0x0000000800000000)
  region size 2048K, 8 young (16384K), 8 survivors (16384K)
 Metaspace       used 19089K, capacity 19312K, committed 19456K, reserved 1067008K
  class space    used 2078K, capacity 2189K, committed 2304K, reserved 1048576K
}
Event: 2.866 GC heap before
{Heap before GC invocations=8 (full 0):
 garbage-first heap   total 356352K, used 253952K [0x0000000702000000, 0x0000000800000000)
  region size 2048K, 49 young (100352K), 8 survivors (16384K)
 Metaspace       used 19089K, capacity 19312K, committed 19456K, reserved 1067008K
  class space    used 2078K, capacity 2189K, committed 2304K, reserved 1048576K
}
Event: 2.883 GC heap after
{Heap after GC invocations=9 (full 0):
 garbage-first heap   total 356352K, used 197384K [0x0000000702000000, 0x0000000800000000)
  region size 2048K, 7 young (14336K), 7 survivors (14336K)
 Metaspace       used 19089K, capacity 19312K, committed 19456K, reserved 1067008K
  class space    used 2078K, capacity 2189K, committed 2304K, reserved 1048576K
}
Event: 3.018 GC heap before
{Heap before GC invocations=9 (full 0):
 garbage-first heap   total 356352K, used 264968K [0x0000000702000000, 0x0000000800000000)
  region size 2048K, 40 young (81920K), 7 survivors (14336K)
 Metaspace       used 19089K, capacity 19312K, committed 19456K, reserved 1067008K
  class space    used 2078K, capacity 2189K, committed 2304K, reserved 1048576K
}
Event: 3.032 GC heap after
{Heap after GC invocations=10 (full 0):
 garbage-first heap   total 632832K, used 218553K [0x0000000702000000, 0x0000000800000000)
  region size 2048K, 5 young (10240K), 5 survivors (10240K)
 Metaspace       used 19089K, capacity 19312K, committed 19456K, reserved 1067008K
  class space    used 2078K, capacity 2189K, committed 2304K, reserved 1048576K
}
Event: 3.368 GC heap before
{Heap before GC invocations=11 (full 0):
 garbage-first heap   total 632832K, used 421305K [0x0000000702000000, 0x0000000800000000)
  region size 2048K, 104 young (212992K), 5 survivors (10240K)
 Metaspace       used 19089K, capacity 19312K, committed 19456K, reserved 1067008K
  class space    used 2078K, capacity 2189K, committed 2304K, reserved 1048576K
}
Event: 3.386 GC heap after
{Heap after GC invocations=12 (full 0):
 garbage-first heap   total 632832K, used 271072K [0x0000000702000000, 0x0000000800000000)
  region size 2048K, 13 young (26624K), 13 survivors (26624K)
 Metaspace       used 19089K, capacity 19312K, committed 19456K, reserved 1067008K
  class space    used 2078K, capacity 2189K, committed 2304K, reserved 1048576K
}
Event: 3.564 GC heap before
{Heap before GC invocations=12 (full 0):
 garbage-first heap   total 632832K, used 441056K [0x0000000702000000, 0x0000000800000000)
  region size 2048K, 96 young (196608K), 13 survivors (26624K)
 Metaspace       used 19089K, capacity 19312K, committed 19456K, reserved 1067008K
  class space    used 2078K, capacity 2189K, committed 2304K, reserved 1048576K
}
Event: 3.580 GC heap after
{Heap after GC invocations=13 (full 0):
 garbage-first heap   total 632832K, used 303003K [0x0000000702000000, 0x0000000800000000)
  region size 2048K, 12 young (24576K), 12 survivors (24576K)
 Metaspace       used 19089K, capacity 19312K, committed 19456K, reserved 1067008K
  class space    used 2078K, capacity 2189K, committed 2304K, reserved 1048576K
}
Event: 3.857 GC heap before
{Heap before GC invocations=13 (full 0):
 garbage-first heap   total 632832K, used 425883K [0x0000000702000000, 0x0000000800000000)
  region size 2048K, 70 young (143360K), 12 survivors (24576K)
 Metaspace       used 23738K, capacity 23997K, committed 24320K, reserved 1071104K
  class space    used 2851K, capacity 2957K, committed 3072K, reserved 1048576K
}
Event: 3.869 GC heap after
{Heap after GC invocations=14 (full 0):
 garbage-first heap   total 632832K, used 325632K [0x0000000702000000, 0x0000000800000000)
  region size 2048K, 10 young (20480K), 10 survivors (20480K)
 Metaspace       used 23738K, capacity 23997K, committed 24320K, reserved 1071104K
  class space    used 2851K, capacity 2957K, committed 3072K, reserved 1048576K
}
Event: 4.261 GC heap before
{Heap before GC invocations=15 (full 0):
 garbage-first heap   total 632832K, used 485376K [0x0000000702000000, 0x0000000800000000)
  region size 2048K, 85 young (174080K), 10 survivors (20480K)
 Metaspace       used 24833K, capacity 25074K, committed 25216K, reserved 1071104K
  class space    used 3008K, capacity 3097K, committed 3200K, reserved 1048576K
}
Event: 4.282 GC heap after
{Heap after GC invocations=16 (full 0):
 garbage-first heap   total 868352K, used 354304K [0x0000000702000000, 0x0000000800000000)
  region size 2048K, 11 young (22528K), 11 survivors (22528K)
 Metaspace       used 24833K, capacity 25074K, committed 25216K, reserved 1071104K
  class space    used 3008K, capacity 3097K, committed 3200K, reserved 1048576K
}

